{
  "stats": {
    "suites": 1,
    "tests": 1,
    "passes": 1,
    "pending": 0,
    "failures": 0,
    "start": "2024-07-11T08:31:24.441Z",
    "end": "2024-07-11T08:31:28.254Z",
    "duration": 3813,
    "testsRegistered": 1,
    "passPercent": 100,
    "pendingPercent": 0,
    "other": 0,
    "hasOther": false,
    "skipped": 0,
    "hasSkipped": false
  },
  "results": [
    {
      "uuid": "a5781cbf-3ed7-4b06-bf7a-d9ae3e74c87d",
      "title": "",
      "fullFile": "cypress/e2e/checkout_an_item.cy.ts",
      "file": "cypress/e2e/checkout_an_item.cy.ts",
      "beforeHooks": [],
      "afterHooks": [],
      "tests": [],
      "suites": [
        {
          "uuid": "4d582bbd-eacb-4dd6-b711-a9ae27f22ec6",
          "title": "Check out an item test on Sauce Demo website",
          "fullFile": "",
          "file": "",
          "beforeHooks": [],
          "afterHooks": [],
          "tests": [
            {
              "title": "Logs in, adds items to cart, and verifies the cart",
              "fullTitle": "Check out an item test on Sauce Demo website Logs in, adds items to cart, and verifies the cart",
              "timedOut": null,
              "duration": 2726,
              "state": "passed",
              "speed": "fast",
              "pass": true,
              "fail": false,
              "pending": false,
              "context": null,
              "code": "// Log in as standard_user\nloginPage.enterUsername(username);\nloginPage.enterPassword(password);\nloginPage.submit();\n// Add first item to the cart\ninventoryPage.addItemToCart(0);\n// Verifying the correct item is present in the cart\ninventoryPage.goToCart();\ncartPage.verifyItemInCart('Sauce Labs Backpack');\n// Complete checkout process\ncartPage.checkout();\ncheckoutPage.enterFirstName('Sadiqul');\ncheckoutPage.enterLastName('Alam');\ncheckoutPage.enterPostalCode('4314');\ncheckoutPage.submit();\ncheckoutPage.completeCheckout();",
              "err": {},
              "uuid": "2368e640-3963-4368-8972-cd1ce85329bd",
              "parentUUID": "4d582bbd-eacb-4dd6-b711-a9ae27f22ec6",
              "isHook": false,
              "skipped": false
            }
          ],
          "suites": [],
          "passes": [
            "2368e640-3963-4368-8972-cd1ce85329bd"
          ],
          "failures": [],
          "pending": [],
          "skipped": [],
          "duration": 2726,
          "root": false,
          "rootEmpty": false,
          "_timeout": 2000
        }
      ],
      "passes": [],
      "failures": [],
      "pending": [],
      "skipped": [],
      "duration": 0,
      "root": true,
      "rootEmpty": true,
      "_timeout": 2000
    }
  ],
  "meta": {
    "mocha": {
      "version": "7.0.1"
    },
    "mochawesome": {
      "options": {
        "quiet": false,
        "reportFilename": "mochawesome",
        "saveHtml": false,
        "saveJson": true,
        "consoleReporter": "spec",
        "useInlineDiffs": false,
        "code": true
      },
      "version": "7.1.3"
    },
    "marge": {
      "options": {
        "reportDir": "cypress/reports",
        "overwrite": false,
        "html": false,
        "json": true
      },
      "version": "6.2.0"
    }
  }
}