{
  "stats": {
    "suites": 1,
    "tests": 1,
    "passes": 1,
    "pending": 0,
    "failures": 0,
    "start": "2024-07-11T08:33:01.246Z",
    "end": "2024-07-11T08:33:05.044Z",
    "duration": 3798,
    "testsRegistered": 1,
    "passPercent": 100,
    "pendingPercent": 0,
    "other": 0,
    "hasOther": false,
    "skipped": 0,
    "hasSkipped": false
  },
  "results": [
    {
      "uuid": "541bf0a1-2107-4070-acd6-43ec47b2cd24",
      "title": "",
      "fullFile": "cypress/e2e/checkout_an_item.cy.ts",
      "file": "cypress/e2e/checkout_an_item.cy.ts",
      "beforeHooks": [],
      "afterHooks": [],
      "tests": [],
      "suites": [
        {
          "uuid": "f5eba3f2-9852-471b-9da9-96c5a696a91e",
          "title": "Check out an item test on Sauce Demo website",
          "fullFile": "",
          "file": "",
          "beforeHooks": [],
          "afterHooks": [],
          "tests": [
            {
              "title": "Logs in, adds items to cart, and verifies the cart",
              "fullTitle": "Check out an item test on Sauce Demo website Logs in, adds items to cart, and verifies the cart",
              "timedOut": null,
              "duration": 2758,
              "state": "passed",
              "speed": "fast",
              "pass": true,
              "fail": false,
              "pending": false,
              "context": null,
              "code": "// Log in as standard_user\nloginPage.enterUsername(username);\nloginPage.enterPassword(password);\nloginPage.submit();\n// Add first item to the cart\ninventoryPage.addItemToCart(0);\n// Verifying the correct item is present in the cart\ninventoryPage.goToCart();\ncartPage.verifyItemInCart('Sauce Labs Backpack');\n// Complete checkout process\ncartPage.checkout();\ncheckoutPage.enterFirstName('Sadiqul');\ncheckoutPage.enterLastName('Alam');\ncheckoutPage.enterPostalCode('4314');\ncheckoutPage.submit();\ncheckoutPage.completeCheckout();",
              "err": {},
              "uuid": "8660e1d2-14ab-453f-b0b2-dc0c175d8173",
              "parentUUID": "f5eba3f2-9852-471b-9da9-96c5a696a91e",
              "isHook": false,
              "skipped": false
            }
          ],
          "suites": [],
          "passes": [
            "8660e1d2-14ab-453f-b0b2-dc0c175d8173"
          ],
          "failures": [],
          "pending": [],
          "skipped": [],
          "duration": 2758,
          "root": false,
          "rootEmpty": false,
          "_timeout": 2000
        }
      ],
      "passes": [],
      "failures": [],
      "pending": [],
      "skipped": [],
      "duration": 0,
      "root": true,
      "rootEmpty": true,
      "_timeout": 2000
    }
  ],
  "meta": {
    "mocha": {
      "version": "7.0.1"
    },
    "mochawesome": {
      "options": {
        "quiet": false,
        "reportFilename": "mochawesome",
        "saveHtml": false,
        "saveJson": true,
        "consoleReporter": "spec",
        "useInlineDiffs": false,
        "code": true
      },
      "version": "7.1.3"
    },
    "marge": {
      "options": {
        "reportDir": "cypress/reports",
        "overwrite": false,
        "html": false,
        "json": true
      },
      "version": "6.2.0"
    }
  }
}