{
  "stats": {
    "suites": 1,
    "tests": 1,
    "passes": 1,
    "pending": 0,
    "failures": 0,
    "start": "2024-07-11T08:33:05.977Z",
    "end": "2024-07-11T08:33:09.239Z",
    "duration": 3262,
    "testsRegistered": 1,
    "passPercent": 100,
    "pendingPercent": 0,
    "other": 0,
    "hasOther": false,
    "skipped": 0,
    "hasSkipped": false
  },
  "results": [
    {
      "uuid": "55d4bb51-2ea5-48ff-80be-41fb8b914448",
      "title": "",
      "fullFile": "cypress/e2e/spec.cy.ts",
      "file": "cypress/e2e/spec.cy.ts",
      "beforeHooks": [],
      "afterHooks": [],
      "tests": [],
      "suites": [
        {
          "uuid": "6db5e1b3-0a7b-4427-8907-38609e416a57",
          "title": "Check out an item test on Sauce Demo website",
          "fullFile": "",
          "file": "",
          "beforeHooks": [],
          "afterHooks": [],
          "tests": [
            {
              "title": "Logs in, adds items to cart, and verifies the cart",
              "fullTitle": "Check out an item test on Sauce Demo website Logs in, adds items to cart, and verifies the cart",
              "timedOut": null,
              "duration": 2430,
              "state": "passed",
              "speed": "fast",
              "pass": true,
              "fail": false,
              "pending": false,
              "context": null,
              "code": "// Log in as standard_user\ncy.get('#user-name').type(username);\ncy.get('#password').type(password);\ncy.get('#login-button').click();\n// Add first item to the cart\ncy.get('.inventory_item').eq(0).find('button').click();\n//verifying correct item is present on the cart\ncy.get('[href=\"./cart.html\"]').click();\ncy.get('[class=\"inventory_item_name\"]').should('have.text', 'Sauce Labs Backpack');\n//Complete checkout process\ncy.get('[class=\"btn_action checkout_button\"]').click();\ncy.get('#first-name').type('Sadiqul');\ncy.get('#last-name').type('Alam');\ncy.get('#postal-code').type('4314');\ncy.get('[type=\"submit\"]').click();\ncy.get('[href=\"./checkout-complete.html\"]');",
              "err": {},
              "uuid": "d0f30aaa-dd7d-4758-9242-322fc9665eb7",
              "parentUUID": "6db5e1b3-0a7b-4427-8907-38609e416a57",
              "isHook": false,
              "skipped": false
            }
          ],
          "suites": [],
          "passes": [
            "d0f30aaa-dd7d-4758-9242-322fc9665eb7"
          ],
          "failures": [],
          "pending": [],
          "skipped": [],
          "duration": 2430,
          "root": false,
          "rootEmpty": false,
          "_timeout": 2000
        }
      ],
      "passes": [],
      "failures": [],
      "pending": [],
      "skipped": [],
      "duration": 0,
      "root": true,
      "rootEmpty": true,
      "_timeout": 2000
    }
  ],
  "meta": {
    "mocha": {
      "version": "7.0.1"
    },
    "mochawesome": {
      "options": {
        "quiet": false,
        "reportFilename": "mochawesome",
        "saveHtml": false,
        "saveJson": true,
        "consoleReporter": "spec",
        "useInlineDiffs": false,
        "code": true
      },
      "version": "7.1.3"
    },
    "marge": {
      "options": {
        "reportDir": "cypress/reports",
        "overwrite": false,
        "html": false,
        "json": true
      },
      "version": "6.2.0"
    }
  }
}